<?xml version="1.0" encoding="UTF-8"?>
<testng-results ignored="0" total="4" passed="4" failed="0" skipped="0">
  <reporter-output>
  </reporter-output>
  <suite started-at="2024-12-09T14:26:40 MEZ" name="User" finished-at="2024-12-09T14:27:24 MEZ" duration-ms="43093">
    <groups>
    </groups>
    <test started-at="2024-12-09T14:26:40 MEZ" name="User" finished-at="2024-12-09T14:27:24 MEZ" duration-ms="43093">
      <class name="com.theinternetherokuapp.tests.LoginTests">
        <test-method is-config="true" signature="init(java.lang.reflect.Method)[pri:0, instance:com.theinternetherokuapp.tests.LoginTests@77eca502]" started-at="2024-12-09T14:26:41 MEZ" name="init" finished-at="2024-12-09T14:26:48 MEZ" duration-ms="7316" status="PASS">
          <params>
            <param index="0">
              <value>
                <![CDATA[public void com.theinternetherokuapp.tests.LoginTests.loginTest()]]>
              </value>
            </param>
          </params>
          <reporter-output>
          </reporter-output>
        </test-method> <!-- init -->
        <test-method is-config="true" signature="precondition()[pri:0, instance:com.theinternetherokuapp.tests.LoginTests@77eca502]" started-at="2024-12-09T14:26:48 MEZ" name="precondition" finished-at="2024-12-09T14:26:49 MEZ" duration-ms="768" status="PASS">
          <reporter-output>
          </reporter-output>
        </test-method> <!-- precondition -->
        <test-method signature="loginTest()[pri:0, instance:com.theinternetherokuapp.tests.LoginTests@77eca502]" started-at="2024-12-09T14:26:49 MEZ" name="loginTest" finished-at="2024-12-09T14:26:50 MEZ" duration-ms="1903" status="PASS">
          <reporter-output>
          </reporter-output>
        </test-method> <!-- loginTest -->
        <test-method is-config="true" signature="postcondition()[pri:0, instance:com.theinternetherokuapp.tests.LoginTests@77eca502]" started-at="2024-12-09T14:26:51 MEZ" name="postcondition" finished-at="2024-12-09T14:26:51 MEZ" duration-ms="783" status="PASS">
          <reporter-output>
          </reporter-output>
        </test-method> <!-- postcondition -->
        <test-method is-config="true" signature="tearDown(org.testng.ITestResult)[pri:0, instance:com.theinternetherokuapp.tests.LoginTests@77eca502]" started-at="2024-12-09T14:26:51 MEZ" name="tearDown" finished-at="2024-12-09T14:26:52 MEZ" duration-ms="403" status="PASS">
          <params>
            <param index="0">
              <value>
                <![CDATA[[TestResult name=loginTest status=SUCCESS method=LoginTests.loginTest()[pri:0, instance:com.theinternetherokuapp.tests.LoginTests@77eca502] output={null}]]]>
              </value>
            </param>
          </params>
          <reporter-output>
          </reporter-output>
        </test-method> <!-- tearDown -->
      </class> <!-- com.theinternetherokuapp.tests.LoginTests -->
      <class name="com.theinternetherokuapp.tests.HomePageTests">
        <test-method is-config="true" signature="init(java.lang.reflect.Method)[pri:0, instance:com.theinternetherokuapp.tests.HomePageTests@37654521]" started-at="2024-12-09T14:27:03 MEZ" name="init" finished-at="2024-12-09T14:27:10 MEZ" duration-ms="7501" status="PASS">
          <params>
            <param index="0">
              <value>
                <![CDATA[public void com.theinternetherokuapp.tests.HomePageTests.isHomeComponentPresentTest()]]>
              </value>
            </param>
          </params>
          <reporter-output>
          </reporter-output>
        </test-method> <!-- init -->
        <test-method is-config="true" signature="precondtition()[pri:0, instance:com.theinternetherokuapp.tests.HomePageTests@37654521]" started-at="2024-12-09T14:27:10 MEZ" name="precondtition" finished-at="2024-12-09T14:27:10 MEZ" duration-ms="2" status="PASS">
          <reporter-output>
          </reporter-output>
        </test-method> <!-- precondtition -->
        <test-method signature="isHomeComponentPresentTest()[pri:0, instance:com.theinternetherokuapp.tests.HomePageTests@37654521]" started-at="2024-12-09T14:27:10 MEZ" name="isHomeComponentPresentTest" finished-at="2024-12-09T14:27:10 MEZ" duration-ms="128" status="PASS">
          <reporter-output>
          </reporter-output>
        </test-method> <!-- isHomeComponentPresentTest -->
        <test-method is-config="true" signature="tearDown(org.testng.ITestResult)[pri:0, instance:com.theinternetherokuapp.tests.HomePageTests@37654521]" started-at="2024-12-09T14:27:10 MEZ" name="tearDown" finished-at="2024-12-09T14:27:11 MEZ" duration-ms="373" status="PASS">
          <params>
            <param index="0">
              <value>
                <![CDATA[[TestResult name=isHomeComponentPresentTest status=SUCCESS method=HomePageTests.isHomeComponentPresentTest()[pri:0, instance:com.theinternetherokuapp.tests.HomePageTests@37654521] output={null}]]]>
              </value>
            </param>
          </params>
          <reporter-output>
          </reporter-output>
        </test-method> <!-- tearDown -->
      </class> <!-- com.theinternetherokuapp.tests.HomePageTests -->
      <class name="com.theinternetherokuapp.tests.CheckBoxesTests">
        <test-method is-config="true" signature="init(java.lang.reflect.Method)[pri:0, instance:com.theinternetherokuapp.tests.CheckBoxesTests@15aab8c6]" started-at="2024-12-09T14:27:11 MEZ" name="init" finished-at="2024-12-09T14:27:20 MEZ" duration-ms="9519" status="PASS">
          <params>
            <param index="0">
              <value>
                <![CDATA[public void com.theinternetherokuapp.tests.CheckBoxesTests.checkboxTest()]]>
              </value>
            </param>
          </params>
          <reporter-output>
          </reporter-output>
        </test-method> <!-- init -->
        <test-method is-config="true" signature="precondition()[pri:0, instance:com.theinternetherokuapp.tests.CheckBoxesTests@15aab8c6]" started-at="2024-12-09T14:27:20 MEZ" name="precondition" finished-at="2024-12-09T14:27:21 MEZ" duration-ms="611" status="PASS">
          <reporter-output>
          </reporter-output>
        </test-method> <!-- precondition -->
        <test-method signature="checkboxTest()[pri:0, instance:com.theinternetherokuapp.tests.CheckBoxesTests@15aab8c6]" started-at="2024-12-09T14:27:21 MEZ" name="checkboxTest" finished-at="2024-12-09T14:27:23 MEZ" duration-ms="2398" status="PASS">
          <reporter-output>
          </reporter-output>
        </test-method> <!-- checkboxTest -->
        <test-method is-config="true" signature="tearDown(org.testng.ITestResult)[pri:0, instance:com.theinternetherokuapp.tests.CheckBoxesTests@15aab8c6]" started-at="2024-12-09T14:27:23 MEZ" name="tearDown" finished-at="2024-12-09T14:27:24 MEZ" duration-ms="480" status="PASS">
          <params>
            <param index="0">
              <value>
                <![CDATA[[TestResult name=checkboxTest status=SUCCESS method=CheckBoxesTests.checkboxTest()[pri:0, instance:com.theinternetherokuapp.tests.CheckBoxesTests@15aab8c6] output={null}]]]>
              </value>
            </param>
          </params>
          <reporter-output>
          </reporter-output>
        </test-method> <!-- tearDown -->
      </class> <!-- com.theinternetherokuapp.tests.CheckBoxesTests -->
      <class name="com.theinternetherokuapp.tests.DropdownListTests">
        <test-method is-config="true" signature="init(java.lang.reflect.Method)[pri:0, instance:com.theinternetherokuapp.tests.DropdownListTests@2df9b86]" started-at="2024-12-09T14:26:52 MEZ" name="init" finished-at="2024-12-09T14:27:01 MEZ" duration-ms="9014" status="PASS">
          <params>
            <param index="0">
              <value>
                <![CDATA[public void com.theinternetherokuapp.tests.DropdownListTests.selectDropdownListTest()]]>
              </value>
            </param>
          </params>
          <reporter-output>
          </reporter-output>
        </test-method> <!-- init -->
        <test-method is-config="true" signature="precondtition()[pri:0, instance:com.theinternetherokuapp.tests.DropdownListTests@2df9b86]" started-at="2024-12-09T14:27:01 MEZ" name="precondtition" finished-at="2024-12-09T14:27:01 MEZ" duration-ms="560" status="PASS">
          <reporter-output>
          </reporter-output>
        </test-method> <!-- precondtition -->
        <test-method signature="selectDropdownListTest()[pri:0, instance:com.theinternetherokuapp.tests.DropdownListTests@2df9b86]" started-at="2024-12-09T14:27:01 MEZ" name="selectDropdownListTest" finished-at="2024-12-09T14:27:02 MEZ" duration-ms="895" status="PASS">
          <reporter-output>
          </reporter-output>
        </test-method> <!-- selectDropdownListTest -->
        <test-method is-config="true" signature="tearDown(org.testng.ITestResult)[pri:0, instance:com.theinternetherokuapp.tests.DropdownListTests@2df9b86]" started-at="2024-12-09T14:27:02 MEZ" name="tearDown" finished-at="2024-12-09T14:27:03 MEZ" duration-ms="341" status="PASS">
          <params>
            <param index="0">
              <value>
                <![CDATA[[TestResult name=selectDropdownListTest status=SUCCESS method=DropdownListTests.selectDropdownListTest()[pri:0, instance:com.theinternetherokuapp.tests.DropdownListTests@2df9b86] output={null}]]]>
              </value>
            </param>
          </params>
          <reporter-output>
          </reporter-output>
        </test-method> <!-- tearDown -->
      </class> <!-- com.theinternetherokuapp.tests.DropdownListTests -->
    </test> <!-- User -->
  </suite> <!-- User -->
</testng-results>
