<?xml version="1.0" encoding="UTF-8"?>
<testsuite xmlns:xsi="http://www.w3.org/2001/XMLSchema-instance" xsi:noNamespaceSchemaLocation="https://maven.apache.org/surefire/maven-surefire-plugin/xsd/surefire-test-report.xsd" name="TestSuite" time="44.555" tests="4" errors="0" skipped="0" failures="0">
  <properties>
[...]
</properties>
  <testcase name="loginTest" classname="com.theinternetherokuapp.tests.LoginTests" time="1.908"/>
  <testcase name="selectDropdownListTest" classname="com.theinternetherokuapp.tests.DropdownListTests" time="0.895"/>
  <testcase name="isHomeComponentPresentTest" classname="com.theinternetherokuapp.tests.HomePageTests" time="0.124"/>
  <testcase name="checkboxTest" classname="com.theinternetherokuapp.tests.CheckBoxesTests" time="2.398"/>
</testsuite>