<?xml version="1.0" encoding="UTF-8"?>
<!-- Generated by org.testng.reporters.JUnitXMLReporter -->
<testsuite ignored="0" hostname="WINDOWS-7NC6KD9" failures="0" tests="4" name="User" time="43.093" errors="0" timestamp="2024-12-09T14:27:24 MEZ">
  <testcase classname="com.theinternetherokuapp.tests.LoginTests" name="loginTest" time="1.903"/>
  <testcase classname="com.theinternetherokuapp.tests.DropdownListTests" name="selectDropdownListTest" time="0.895"/>
  <testcase classname="com.theinternetherokuapp.tests.HomePageTests" name="isHomeComponentPresentTest" time="0.128"/>
  <testcase classname="com.theinternetherokuapp.tests.CheckBoxesTests" name="checkboxTest" time="2.398"/>
</testsuite> <!-- User -->
